#! /usr/local/bin/vvp
:ivl_version "12.0 (stable)";
:ivl_delay_selection "TYPICAL";
:vpi_time_precision + 0;
:vpi_module "/usr/local/lib/ivl/system.vpi";
:vpi_module "/usr/local/lib/ivl/vhdl_sys.vpi";
:vpi_module "/usr/local/lib/ivl/vhdl_textio.vpi";
:vpi_module "/usr/local/lib/ivl/v2005_math.vpi";
:vpi_module "/usr/local/lib/ivl/va_math.vpi";
:vpi_module "/usr/local/lib/ivl/v2009.vpi";
S_0x34b20070 .scope package, "$unit" "$unit" 2 1;
 .timescale 0 0;
S_0x34b12870 .scope module, "tb_clock" "tb_clock" 3 1;
 .timescale 0 0;
v0x34b52770_0 .var "Clk_1sec", 0 0;
v0x34b52880_0 .net *"_ivl_12", 31 0, L_0x34b646e0;  1 drivers
L_0x7fa4bd5240a8 .functor BUFT 1, C4<00000000000000000000000000>, C4<0>, C4<0>, C4<0>;
v0x34b52960_0 .net *"_ivl_15", 25 0, L_0x7fa4bd5240a8;  1 drivers
L_0x7fa4bd5240f0 .functor BUFT 1, C4<00000000000000000000000000001010>, C4<0>, C4<0>, C4<0>;
v0x34b52a20_0 .net/2u *"_ivl_16", 31 0, L_0x7fa4bd5240f0;  1 drivers
v0x34b52b00_0 .net *"_ivl_18", 31 0, L_0x34b64830;  1 drivers
v0x34b52c30_0 .net *"_ivl_2", 31 0, L_0x34b54330;  1 drivers
v0x34b52d10_0 .net *"_ivl_22", 31 0, L_0x34b64ad0;  1 drivers
L_0x7fa4bd524138 .functor BUFT 1, C4<000000000000000000000000000>, C4<0>, C4<0>, C4<0>;
v0x34b52df0_0 .net *"_ivl_25", 26 0, L_0x7fa4bd524138;  1 drivers
L_0x7fa4bd524180 .functor BUFT 1, C4<00000000000000000000000000001010>, C4<0>, C4<0>, C4<0>;
v0x34b52ed0_0 .net/2u *"_ivl_26", 31 0, L_0x7fa4bd524180;  1 drivers
v0x34b53040_0 .net *"_ivl_28", 31 0, L_0x34b64cb0;  1 drivers
v0x34b53120_0 .net *"_ivl_32", 31 0, L_0x34b64f40;  1 drivers
L_0x7fa4bd5241c8 .functor BUFT 1, C4<000000000000000000000000000>, C4<0>, C4<0>, C4<0>;
v0x34b53200_0 .net *"_ivl_35", 26 0, L_0x7fa4bd5241c8;  1 drivers
L_0x7fa4bd524210 .functor BUFT 1, C4<00000000000000000000000000001010>, C4<0>, C4<0>, C4<0>;
v0x34b532e0_0 .net/2u *"_ivl_36", 31 0, L_0x7fa4bd524210;  1 drivers
v0x34b533c0_0 .net *"_ivl_38", 31 0, L_0x34b64fe0;  1 drivers
L_0x7fa4bd5242e8 .functor BUFT 1, C4<0000>, C4<0>, C4<0>, C4<0>;
v0x34b534a0_0 .net/2u *"_ivl_42", 3 0, L_0x7fa4bd5242e8;  1 drivers
L_0x7fa4bd524330 .functor BUFT 1, C4<0000>, C4<0>, C4<0>, C4<0>;
v0x34b53580_0 .net/2u *"_ivl_44", 3 0, L_0x7fa4bd524330;  1 drivers
L_0x7fa4bd524018 .functor BUFT 1, C4<00000000000000000000000000>, C4<0>, C4<0>, C4<0>;
v0x34b53660_0 .net *"_ivl_5", 25 0, L_0x7fa4bd524018;  1 drivers
L_0x7fa4bd524060 .functor BUFT 1, C4<00000000000000000000000000001010>, C4<0>, C4<0>, C4<0>;
v0x34b53810_0 .net/2u *"_ivl_6", 31 0, L_0x7fa4bd524060;  1 drivers
v0x34b538b0_0 .net *"_ivl_8", 31 0, L_0x34b644b0;  1 drivers
v0x34b53990_0 .net "an_hr", 3 0, v0x34b51740_0;  1 drivers
v0x34b53a50_0 .net "blink_led", 0 0, L_0x34b54210;  1 drivers
v0x34b53af0_0 .net "hours", 4 0, v0x34b52340_0;  1 drivers
v0x34b53bb0_0 .net "hr_tens", 3 0, L_0x34b65190;  1 drivers
v0x34b53c70_0 .net "hr_units", 3 0, L_0x34b64df0;  1 drivers
v0x34b53d50_0 .net "min_tens", 3 0, L_0x34b649e0;  1 drivers
v0x34b53e30_0 .net "min_units", 3 0, L_0x34b645f0;  1 drivers
v0x34b53f10_0 .net "minutes", 5 0, v0x34b52400_0;  1 drivers
v0x34b54000_0 .var "reset", 0 0;
v0x34b540a0_0 .net "seconds", 5 0, v0x34b525c0_0;  1 drivers
v0x34b54140_0 .net "seg_hr", 6 0, v0x34b51ec0_0;  1 drivers
L_0x34b54210 .part v0x34b525c0_0, 0, 1;
L_0x34b54330 .concat [ 6 26 0 0], v0x34b52400_0, L_0x7fa4bd524018;
L_0x34b644b0 .arith/mod 32, L_0x34b54330, L_0x7fa4bd524060;
L_0x34b645f0 .part L_0x34b644b0, 0, 4;
L_0x34b646e0 .concat [ 6 26 0 0], v0x34b52400_0, L_0x7fa4bd5240a8;
L_0x34b64830 .arith/div 32, L_0x34b646e0, L_0x7fa4bd5240f0;
L_0x34b649e0 .part L_0x34b64830, 0, 4;
L_0x34b64ad0 .concat [ 5 27 0 0], v0x34b52340_0, L_0x7fa4bd524138;
L_0x34b64cb0 .arith/mod 32, L_0x34b64ad0, L_0x7fa4bd524180;
L_0x34b64df0 .part L_0x34b64cb0, 0, 4;
L_0x34b64f40 .concat [ 5 27 0 0], v0x34b52340_0, L_0x7fa4bd5241c8;
L_0x34b64fe0 .arith/div 32, L_0x34b64f40, L_0x7fa4bd524210;
L_0x34b65190 .part L_0x34b64fe0, 0, 4;
L_0x34b65520 .concat [ 4 4 4 4], L_0x34b64df0, L_0x34b65190, L_0x7fa4bd524330, L_0x7fa4bd5242e8;
S_0x34b111c0 .scope module, "min_display" "bcd_to_7seg_display" 3 27, 4 42 0, S_0x34b12870;
 .timescale 0 0;
    .port_info 0 /INPUT 1 "clk";
    .port_info 1 /INPUT 1 "reset";
    .port_info 2 /INPUT 16 "bcd_data";
    .port_info 3 /OUTPUT 7 "seg";
    .port_info 4 /OUTPUT 4 "an";
v0x34b15d10_0 .net *"_ivl_0", 31 0, L_0x34b65280;  1 drivers
L_0x7fa4bd524258 .functor BUFT 1, C4<0000000000000000>, C4<0>, C4<0>, C4<0>;
v0x34b51570_0 .net *"_ivl_3", 15 0, L_0x7fa4bd524258;  1 drivers
L_0x7fa4bd5242a0 .functor BUFT 1, C4<00000000000000001100001101001111>, C4<0>, C4<0>, C4<0>;
v0x34b51650_0 .net/2u *"_ivl_4", 31 0, L_0x7fa4bd5242a0;  1 drivers
v0x34b51740_0 .var "an", 3 0;
v0x34b51820_0 .net "bcd_data", 15 0, L_0x34b65520;  1 drivers
v0x34b51950_0 .net "clk", 0 0, v0x34b52770_0;  1 drivers
v0x34b51a10_0 .var "current_bcd", 3 0;
v0x34b51af0_0 .var "digit_select", 1 0;
v0x34b51bd0_0 .var "refresh_counter", 15 0;
v0x34b51d40_0 .net "refresh_tick", 0 0, L_0x34b65400;  1 drivers
v0x34b51e00_0 .net "reset", 0 0, v0x34b54000_0;  1 drivers
v0x34b51ec0_0 .var "seg", 6 0;
E_0x34b34220 .event anyedge, v0x34b51a10_0;
E_0x34b338f0 .event anyedge, v0x34b51af0_0, v0x34b51820_0;
E_0x34b31630 .event posedge, v0x34b51e00_0, v0x34b51950_0;
L_0x34b65280 .concat [ 16 16 0 0], v0x34b51bd0_0, L_0x7fa4bd524258;
L_0x34b65400 .cmp/eq 32, L_0x34b65280, L_0x7fa4bd5242a0;
S_0x34b52040 .scope module, "uut" "Digital_Clock" 3 14, 4 1 0, S_0x34b12870;
 .timescale 0 0;
    .port_info 0 /INPUT 1 "Clk_1sec";
    .port_info 1 /INPUT 1 "reset";
    .port_info 2 /OUTPUT 6 "seconds";
    .port_info 3 /OUTPUT 6 "minutes";
    .port_info 4 /OUTPUT 5 "hours";
v0x34b52270_0 .net "Clk_1sec", 0 0, v0x34b52770_0;  alias, 1 drivers
v0x34b52340_0 .var "hours", 4 0;
v0x34b52400_0 .var "minutes", 5 0;
v0x34b524f0_0 .net "reset", 0 0, v0x34b54000_0;  alias, 1 drivers
v0x34b525c0_0 .var "seconds", 5 0;
    .scope S_0x34b52040;
T_0 ;
    %wait E_0x34b31630;
    %load/vec4 v0x34b524f0_0;
    %cmpi/e 1, 0, 1;
    %jmp/0xz  T_0.0, 4;
    %pushi/vec4 0, 0, 6;
    %store/vec4 v0x34b525c0_0, 0, 6;
    %pushi/vec4 0, 0, 6;
    %store/vec4 v0x34b52400_0, 0, 6;
    %pushi/vec4 0, 0, 5;
    %store/vec4 v0x34b52340_0, 0, 5;
    %jmp T_0.1;
T_0.0 ;
    %load/vec4 v0x34b52270_0;
    %cmpi/e 1, 0, 1;
    %jmp/0xz  T_0.2, 4;
    %load/vec4 v0x34b525c0_0;
    %addi 1, 0, 6;
    %store/vec4 v0x34b525c0_0, 0, 6;
    %load/vec4 v0x34b525c0_0;
    %pad/u 32;
    %cmpi/e 60, 0, 32;
    %jmp/0xz  T_0.4, 4;
    %pushi/vec4 0, 0, 6;
    %store/vec4 v0x34b525c0_0, 0, 6;
    %load/vec4 v0x34b52400_0;
    %addi 1, 0, 6;
    %store/vec4 v0x34b52400_0, 0, 6;
    %load/vec4 v0x34b52400_0;
    %pad/u 32;
    %cmpi/e 60, 0, 32;
    %jmp/0xz  T_0.6, 4;
    %pushi/vec4 0, 0, 6;
    %store/vec4 v0x34b52400_0, 0, 6;
    %load/vec4 v0x34b52340_0;
    %addi 1, 0, 5;
    %store/vec4 v0x34b52340_0, 0, 5;
    %load/vec4 v0x34b52340_0;
    %pad/u 32;
    %cmpi/e 24, 0, 32;
    %jmp/0xz  T_0.8, 4;
    %pushi/vec4 0, 0, 5;
    %store/vec4 v0x34b52340_0, 0, 5;
T_0.8 ;
T_0.6 ;
T_0.4 ;
T_0.2 ;
T_0.1 ;
    %jmp T_0;
    .thread T_0;
    .scope S_0x34b111c0;
T_1 ;
    %pushi/vec4 0, 0, 2;
    %store/vec4 v0x34b51af0_0, 0, 2;
    %pushi/vec4 0, 0, 16;
    %store/vec4 v0x34b51bd0_0, 0, 16;
    %end;
    .thread T_1, $init;
    .scope S_0x34b111c0;
T_2 ;
    %wait E_0x34b31630;
    %load/vec4 v0x34b51e00_0;
    %flag_set/vec4 8;
    %jmp/0xz  T_2.0, 8;
    %pushi/vec4 0, 0, 16;
    %assign/vec4 v0x34b51bd0_0, 0;
    %pushi/vec4 0, 0, 2;
    %assign/vec4 v0x34b51af0_0, 0;
    %jmp T_2.1;
T_2.0 ;
    %load/vec4 v0x34b51d40_0;
    %flag_set/vec4 8;
    %jmp/0xz  T_2.2, 8;
    %pushi/vec4 0, 0, 16;
    %assign/vec4 v0x34b51bd0_0, 0;
    %load/vec4 v0x34b51af0_0;
    %addi 1, 0, 2;
    %assign/vec4 v0x34b51af0_0, 0;
    %jmp T_2.3;
T_2.2 ;
    %load/vec4 v0x34b51bd0_0;
    %addi 1, 0, 16;
    %assign/vec4 v0x34b51bd0_0, 0;
T_2.3 ;
T_2.1 ;
    %jmp T_2;
    .thread T_2;
    .scope S_0x34b111c0;
T_3 ;
    %wait E_0x34b338f0;
    %load/vec4 v0x34b51af0_0;
    %dup/vec4;
    %pushi/vec4 0, 0, 2;
    %cmp/u;
    %jmp/1 T_3.0, 6;
    %dup/vec4;
    %pushi/vec4 1, 0, 2;
    %cmp/u;
    %jmp/1 T_3.1, 6;
    %dup/vec4;
    %pushi/vec4 2, 0, 2;
    %cmp/u;
    %jmp/1 T_3.2, 6;
    %dup/vec4;
    %pushi/vec4 3, 0, 2;
    %cmp/u;
    %jmp/1 T_3.3, 6;
    %jmp T_3.4;
T_3.0 ;
    %load/vec4 v0x34b51820_0;
    %parti/s 4, 0, 2;
    %store/vec4 v0x34b51a10_0, 0, 4;
    %pushi/vec4 14, 0, 4;
    %store/vec4 v0x34b51740_0, 0, 4;
    %jmp T_3.4;
T_3.1 ;
    %load/vec4 v0x34b51820_0;
    %parti/s 4, 4, 4;
    %store/vec4 v0x34b51a10_0, 0, 4;
    %pushi/vec4 13, 0, 4;
    %store/vec4 v0x34b51740_0, 0, 4;
    %jmp T_3.4;
T_3.2 ;
    %load/vec4 v0x34b51820_0;
    %parti/s 4, 8, 5;
    %store/vec4 v0x34b51a10_0, 0, 4;
    %pushi/vec4 11, 0, 4;
    %store/vec4 v0x34b51740_0, 0, 4;
    %jmp T_3.4;
T_3.3 ;
    %load/vec4 v0x34b51820_0;
    %parti/s 4, 12, 5;
    %store/vec4 v0x34b51a10_0, 0, 4;
    %pushi/vec4 7, 0, 4;
    %store/vec4 v0x34b51740_0, 0, 4;
    %jmp T_3.4;
T_3.4 ;
    %pop/vec4 1;
    %jmp T_3;
    .thread T_3, $push;
    .scope S_0x34b111c0;
T_4 ;
    %wait E_0x34b34220;
    %load/vec4 v0x34b51a10_0;
    %dup/vec4;
    %pushi/vec4 0, 0, 4;
    %cmp/u;
    %jmp/1 T_4.0, 6;
    %dup/vec4;
    %pushi/vec4 1, 0, 4;
    %cmp/u;
    %jmp/1 T_4.1, 6;
    %dup/vec4;
    %pushi/vec4 2, 0, 4;
    %cmp/u;
    %jmp/1 T_4.2, 6;
    %dup/vec4;
    %pushi/vec4 3, 0, 4;
    %cmp/u;
    %jmp/1 T_4.3, 6;
    %dup/vec4;
    %pushi/vec4 4, 0, 4;
    %cmp/u;
    %jmp/1 T_4.4, 6;
    %dup/vec4;
    %pushi/vec4 5, 0, 4;
    %cmp/u;
    %jmp/1 T_4.5, 6;
    %dup/vec4;
    %pushi/vec4 6, 0, 4;
    %cmp/u;
    %jmp/1 T_4.6, 6;
    %dup/vec4;
    %pushi/vec4 7, 0, 4;
    %cmp/u;
    %jmp/1 T_4.7, 6;
    %dup/vec4;
    %pushi/vec4 8, 0, 4;
    %cmp/u;
    %jmp/1 T_4.8, 6;
    %dup/vec4;
    %pushi/vec4 9, 0, 4;
    %cmp/u;
    %jmp/1 T_4.9, 6;
    %pushi/vec4 1, 0, 7;
    %store/vec4 v0x34b51ec0_0, 0, 7;
    %jmp T_4.11;
T_4.0 ;
    %pushi/vec4 126, 0, 7;
    %store/vec4 v0x34b51ec0_0, 0, 7;
    %jmp T_4.11;
T_4.1 ;
    %pushi/vec4 48, 0, 7;
    %store/vec4 v0x34b51ec0_0, 0, 7;
    %jmp T_4.11;
T_4.2 ;
    %pushi/vec4 109, 0, 7;
    %store/vec4 v0x34b51ec0_0, 0, 7;
    %jmp T_4.11;
T_4.3 ;
    %pushi/vec4 121, 0, 7;
    %store/vec4 v0x34b51ec0_0, 0, 7;
    %jmp T_4.11;
T_4.4 ;
    %pushi/vec4 51, 0, 7;
    %store/vec4 v0x34b51ec0_0, 0, 7;
    %jmp T_4.11;
T_4.5 ;
    %pushi/vec4 91, 0, 7;
    %store/vec4 v0x34b51ec0_0, 0, 7;
    %jmp T_4.11;
T_4.6 ;
    %pushi/vec4 95, 0, 7;
    %store/vec4 v0x34b51ec0_0, 0, 7;
    %jmp T_4.11;
T_4.7 ;
    %pushi/vec4 112, 0, 7;
    %store/vec4 v0x34b51ec0_0, 0, 7;
    %jmp T_4.11;
T_4.8 ;
    %pushi/vec4 127, 0, 7;
    %store/vec4 v0x34b51ec0_0, 0, 7;
    %jmp T_4.11;
T_4.9 ;
    %pushi/vec4 123, 0, 7;
    %store/vec4 v0x34b51ec0_0, 0, 7;
    %jmp T_4.11;
T_4.11 ;
    %pop/vec4 1;
    %jmp T_4;
    .thread T_4, $push;
    .scope S_0x34b12870;
T_5 ;
    %pushi/vec4 0, 0, 1;
    %store/vec4 v0x34b52770_0, 0, 1;
    %end;
    .thread T_5;
    .scope S_0x34b12870;
T_6 ;
    %delay 500, 0;
    %load/vec4 v0x34b52770_0;
    %inv;
    %store/vec4 v0x34b52770_0, 0, 1;
    %jmp T_6;
    .thread T_6;
    .scope S_0x34b12870;
T_7 ;
    %vpi_call/w 3 33 "$dumpfile", "Digital_Clock.vcd" {0 0 0};
    %vpi_call/w 3 34 "$dumpvars" {0 0 0};
    %vpi_call/w 3 35 "$monitor", "Time:%0t | H:%0d M:%0d S:%0d", $time, v0x34b53af0_0, v0x34b53f10_0, v0x34b540a0_0, v0x34b53a50_0 {0 0 0};
    %pushi/vec4 1, 0, 1;
    %store/vec4 v0x34b54000_0, 0, 1;
    %delay 100, 0;
    %pushi/vec4 0, 0, 1;
    %store/vec4 v0x34b54000_0, 0, 1;
    %delay 50000, 0;
    %vpi_call/w 3 41 "$finish" {0 0 0};
    %end;
    .thread T_7;
# The file index is used to find the file name in the following table.
:file_names 5;
    "N/A";
    "<interactive>";
    "-";
    "testbench.sv";
    "design.sv";
